<?xml version="1.0" encoding="UTF-8"?>
<!-- Generated by org.testng.reporters.JUnitXMLReporter -->
<testsuite ignored="2" hostname="DESKTOP-DJ4FDME" failures="0" tests="2" name="Test" time="10.37" errors="0" timestamp="2023-11-21T09:25:24 IST">
  <testcase classname="org.xyz.automation.fb.KeboardMouse" name="handleAlert" time="4.721"/>
  <testcase classname="org.xyz.automation.fb.KeboardMouse" name="handleFrames" time="5.584"/>
  <testcase classname="org.xyz.automation.fb.KeboardMouse" name="learnMouse" time="0.0">
    <ignored/>
  </testcase> <!-- learnMouse -->
  <testcase classname="org.xyz.automation.fb.KeboardMouse" name="learnKeyboard" time="0.0">
    <ignored/>
  </testcase> <!-- learnKeyboard -->
</testsuite> <!-- Test -->
