<?xml version="1.0" encoding="UTF-8"?>
<!-- Generated by org.testng.reporters.JUnitXMLReporter -->
<testsuite ignored="27" hostname="DESKTOP-DJ4FDME" failures="5" tests="5" name="Test(failed)" time="0.143" errors="0" timestamp="2023-11-08T08:46:13 IST">
  <testcase classname="learnTestNG.TestScenario8" name="fifth_testcase" time="0.033">
    <failure type="java.lang.AssertionError" message="expected [Hello1] but found [Hello]">
      <![CDATA[java.lang.AssertionError: expected [Hello1] but found [Hello]
at learnTestNG.TestScenario8.fifth_testcase(TestScenario8.java:37)
at java.base/java.util.ArrayList.forEach(ArrayList.java:1511)
... Removed 33 stack frames]]>
    </failure>
  </testcase> <!-- fifth_testcase -->
  <testcase classname="learnTestNG.TestScenario1" name="sixth_testcase" time="0.002">
    <failure type="java.lang.AssertionError" message="expected [Hello1] but found [Hello]">
      <![CDATA[java.lang.AssertionError: expected [Hello1] but found [Hello]
at learnTestNG.TestScenario1.sixth_testcase(TestScenario1.java:45)
at java.base/java.util.ArrayList.forEach(ArrayList.java:1511)
... Removed 33 stack frames]]>
    </failure>
  </testcase> <!-- sixth_testcase -->
  <testcase classname="learnTestNG.TestScenario1" name="first_testcase" time="0.004">
    <failure type="java.lang.AssertionError" message="expected [Hello1] but found [Hello]">
      <![CDATA[java.lang.AssertionError: expected [Hello1] but found [Hello]
at learnTestNG.TestScenario1.first_testcase(TestScenario1.java:14)
at java.base/java.util.ArrayList.forEach(ArrayList.java:1511)
... Removed 33 stack frames]]>
    </failure>
  </testcase> <!-- first_testcase -->
  <testcase classname="learnTestNG.TestScenario6" name="third_testcase" time="0.002">
    <failure type="java.lang.AssertionError" message="expected [Hello1] but found [Hello]">
      <![CDATA[java.lang.AssertionError: expected [Hello1] but found [Hello]
at learnTestNG.TestScenario6.third_testcase(TestScenario6.java:25)
at java.base/java.util.ArrayList.forEach(ArrayList.java:1511)
... Removed 33 stack frames]]>
    </failure>
  </testcase> <!-- third_testcase -->
  <testcase classname="learnTestNG.TestScenario4" name="first_testcase" time="0.002">
    <failure type="java.lang.AssertionError" message="expected [Hello] but found [Hi]">
      <![CDATA[java.lang.AssertionError: expected [Hello] but found [Hi]
at learnTestNG.TestScenario4.first_testcase(TestScenario4.java:13)
at java.base/java.util.ArrayList.forEach(ArrayList.java:1511)
... Removed 33 stack frames]]>
    </failure>
  </testcase> <!-- first_testcase -->
  <testcase classname="learnTestNG.TestScenario8" name="first_testcase" time="0.0">
    <ignored/>
  </testcase> <!-- first_testcase -->
  <testcase classname="learnTestNG.TestScenario6" name="second_testcase" time="0.0">
    <ignored/>
  </testcase> <!-- second_testcase -->
  <testcase classname="learnTestNG.TestScenario8" name="seventh_testcase" time="0.0">
    <ignored/>
  </testcase> <!-- seventh_testcase -->
  <testcase classname="learnTestNG.TestScenario8" name="third_testcase" time="0.0">
    <ignored/>
  </testcase> <!-- third_testcase -->
  <testcase classname="learnTestNG.TestScenario6" name="eighth_testcase" time="0.0">
    <ignored/>
  </testcase> <!-- eighth_testcase -->
  <testcase classname="learnTestNG.TestScenario8" name="eighth_testcase" time="0.0">
    <ignored/>
  </testcase> <!-- eighth_testcase -->
  <testcase classname="learnTestNG.TestScenario8" name="sixth_testcase" time="0.0">
    <ignored/>
  </testcase> <!-- sixth_testcase -->
  <testcase classname="learnTestNG.TestScenario4" name="second_testcase" time="0.0">
    <ignored/>
  </testcase> <!-- second_testcase -->
  <testcase classname="learnTestNG.TestScenario1" name="eighth_testcase" time="0.0">
    <ignored/>
  </testcase> <!-- eighth_testcase -->
  <testcase classname="learnTestNG.TestScenario1" name="seventh_testcase" time="0.0">
    <ignored/>
  </testcase> <!-- seventh_testcase -->
  <testcase classname="learnTestNG.TestScenario4" name="forth_testcase" time="0.0">
    <ignored/>
  </testcase> <!-- forth_testcase -->
  <testcase classname="learnTestNG.TestScenario4" name="seventh_testcase" time="0.0">
    <ignored/>
  </testcase> <!-- seventh_testcase -->
  <testcase classname="learnTestNG.TestScenario4" name="sixth_testcase" time="0.0">
    <ignored/>
  </testcase> <!-- sixth_testcase -->
  <testcase classname="learnTestNG.TestScenario6" name="sixth_testcase" time="0.0">
    <ignored/>
  </testcase> <!-- sixth_testcase -->
  <testcase classname="learnTestNG.TestScenario1" name="third_testcase" time="0.0">
    <ignored/>
  </testcase> <!-- third_testcase -->
  <testcase classname="learnTestNG.TestScenario6" name="fifth_testcase" time="0.0">
    <ignored/>
  </testcase> <!-- fifth_testcase -->
  <testcase classname="learnTestNG.TestScenario6" name="seventh_testcase" time="0.0">
    <ignored/>
  </testcase> <!-- seventh_testcase -->
  <testcase classname="learnTestNG.TestScenario8" name="forth_testcase" time="0.0">
    <ignored/>
  </testcase> <!-- forth_testcase -->
  <testcase classname="learnTestNG.TestScenario4" name="fifth_testcase" time="0.0">
    <ignored/>
  </testcase> <!-- fifth_testcase -->
  <testcase classname="learnTestNG.TestScenario1" name="fifth_testcase" time="0.0">
    <ignored/>
  </testcase> <!-- fifth_testcase -->
  <testcase classname="learnTestNG.TestScenario4" name="third_testcase" time="0.0">
    <ignored/>
  </testcase> <!-- third_testcase -->
  <testcase classname="learnTestNG.TestScenario1" name="second_testcase" time="0.0">
    <ignored/>
  </testcase> <!-- second_testcase -->
  <testcase classname="learnTestNG.TestScenario6" name="forth_testcase" time="0.0">
    <ignored/>
  </testcase> <!-- forth_testcase -->
  <testcase classname="learnTestNG.TestScenario4" name="eighth_testcase" time="0.0">
    <ignored/>
  </testcase> <!-- eighth_testcase -->
  <testcase classname="learnTestNG.TestScenario6" name="first_testcase" time="0.0">
    <ignored/>
  </testcase> <!-- first_testcase -->
  <testcase classname="learnTestNG.TestScenario8" name="second_testcase" time="0.0">
    <ignored/>
  </testcase> <!-- second_testcase -->
  <testcase classname="learnTestNG.TestScenario1" name="forth_testcase" time="0.0">
    <ignored/>
  </testcase> <!-- forth_testcase -->
</testsuite> <!-- Test(failed) -->
