<?xml version="1.0" encoding="UTF-8"?>
<testng-results ignored="0" total="1" passed="1" failed="0" skipped="0">
  <reporter-output>
  </reporter-output>
  <suite started-at="2023-11-25T09:20:54 IST" name="Default suite" finished-at="2023-11-25T09:21:16 IST" duration-ms="22439">
    <groups>
    </groups>
    <test started-at="2023-11-25T09:20:54 IST" name="Default test" finished-at="2023-11-25T09:21:16 IST" duration-ms="22439">
      <class name="org.wipro.automation.abc.testcases.MenuTestScenario">
        <test-method is-config="true" signature="launchBrowser()[pri:0, instance:org.wipro.automation.abc.testcases.MenuTestScenario@13fd2ccd]" started-at="2023-11-25T09:20:54 IST" name="launchBrowser" finished-at="2023-11-25T09:21:03 IST" duration-ms="8852" status="PASS">
          <reporter-output>
          </reporter-output>
        </test-method> <!-- launchBrowser -->
        <test-method signature="validatemenuoptions()[pri:0, instance:org.wipro.automation.abc.testcases.MenuTestScenario@13fd2ccd]" started-at="2023-11-25T09:21:03 IST" name="validatemenuoptions" finished-at="2023-11-25T09:21:15 IST" duration-ms="12759" status="PASS">
          <reporter-output>
          </reporter-output>
        </test-method> <!-- validatemenuoptions -->
        <test-method is-config="true" signature="closeBrowser()[pri:0, instance:org.wipro.automation.abc.testcases.MenuTestScenario@13fd2ccd]" started-at="2023-11-25T09:21:15 IST" name="closeBrowser" finished-at="2023-11-25T09:21:16 IST" duration-ms="740" status="PASS">
          <reporter-output>
          </reporter-output>
        </test-method> <!-- closeBrowser -->
      </class> <!-- org.wipro.automation.abc.testcases.MenuTestScenario -->
    </test> <!-- Default test -->
  </suite> <!-- Default suite -->
</testng-results>
