<?xml version="1.0" encoding="UTF-8"?>
<testng-results ignored="0" total="1" passed="1" failed="0" skipped="0">
  <reporter-output>
  </reporter-output>
  <suite started-at="2023-11-23T09:08:37 IST" name="Default suite" finished-at="2023-11-23T09:08:42 IST" duration-ms="4877">
    <groups>
    </groups>
    <test started-at="2023-11-23T09:08:37 IST" name="Default test" finished-at="2023-11-23T09:08:42 IST" duration-ms="4877">
      <class name="org.wipro.automation.abc.testcases.SignupScenario">
        <test-method is-config="true" signature="launchBrowser()[pri:0, instance:org.wipro.automation.abc.testcases.SignupScenario@13fd2ccd]" started-at="2023-11-23T09:08:37 IST" name="launchBrowser" finished-at="2023-11-23T09:08:41 IST" duration-ms="3941" status="PASS">
          <reporter-output>
          </reporter-output>
        </test-method> <!-- launchBrowser -->
        <test-method signature="createNewAccount()[pri:0, instance:org.wipro.automation.abc.testcases.SignupScenario@13fd2ccd]" started-at="2023-11-23T09:08:41 IST" name="createNewAccount" finished-at="2023-11-23T09:08:42 IST" duration-ms="865" status="PASS">
          <reporter-output>
          </reporter-output>
        </test-method> <!-- createNewAccount -->
        <test-method is-config="true" signature="closeBrowser()[pri:0, instance:org.wipro.automation.abc.testcases.SignupScenario@13fd2ccd]" started-at="2023-11-23T09:08:42 IST" name="closeBrowser" finished-at="2023-11-23T09:08:42 IST" duration-ms="0" status="PASS">
          <reporter-output>
          </reporter-output>
        </test-method> <!-- closeBrowser -->
      </class> <!-- org.wipro.automation.abc.testcases.SignupScenario -->
    </test> <!-- Default test -->
  </suite> <!-- Default suite -->
</testng-results>
